Arguments: 
  /Users/n2122141/.nvm/versions/node/v11.6.0/bin/node /usr/local/Cellar/yarn/1.13.0/libexec/bin/yarn.js install

PATH: 
  /Users/n2122141/.nvm/versions/node/v11.6.0/bin:/Users/n2122141/google-cloud-sdk/bin:/usr/local/bin:/usr/bin:/bin:/usr/sbin:/sbin:/opt/X11/bin:/Users/n2122141/Applications/apache-maven-3.3.9/bin:/Users/n2122141/projects/dockerstuff/:/Users/n2122141/projects/scripts

Yarn version: 
  1.13.0

Node version: 
  11.6.0

Platform: 
  darwin x64

Trace: 
  SyntaxError: /Users/n2122141/projects/jquery.hammer.js/package.json: Unexpected token i in JSON at position 0
      at JSON.parse (<anonymous>)
      at /usr/local/Cellar/yarn/1.13.0/libexec/lib/cli.js:1625:59
      at Generator.next (<anonymous>)
      at step (/usr/local/Cellar/yarn/1.13.0/libexec/lib/cli.js:304:30)
      at /usr/local/Cellar/yarn/1.13.0/libexec/lib/cli.js:315:13

npm manifest: 
  i{
    "name": "jquery-hammerjs",
    "version": "2.0.0",
    "description": "jquery.hammer.js",
    "main": "jquery.hammer.js",
    "scripts": {
      "test": "echo \"Error: no test specified\" && exit 1"
    },
    "repository": {
      "type": "git",
      "url": "git://github.com/hammerjs/jquery.hammer.js.git"
    },
    "keywords": [
      "hammerjs",
      "jquery"
    ],
    "dependencies": {
      "hammerjs": "2.0.x",
      "jquery": "3.1.1"
    },
    "author": "J. Tangelder",
    "license": "MIT",
    "bugs": {
      "url": "https://github.com/hammerjs/jquery.hammer.js/issues"
    },
    "homepage": "https://github.com/hammerjs/jquery.hammer.js"
  }

yarn manifest: 
  No manifest

Lockfile: 
  No lockfile
